<?xml version="1.0" encoding="UTF-8" ?>
<testsuite tests="45" failures="0" name="demo.onlinestore.TestRunner" time="0.975" errors="0" skipped="0">
  <properties>
[...]
</properties>
  <testcase classname="Scenario: Successful Login with valid credentials" name="Given I load the website url" time="0.004"/>
  <testcase classname="Scenario: Successful Login with valid credentials" name="When I navigate to Login page" time="0"/>
  <testcase classname="Scenario: Successful Login with valid credentials" name="And I enter valid username &quot;student&quot;" time="0"/>
  <testcase classname="Scenario: Successful Login with valid credentials" name="And I enter valid password &quot;student123&quot;" time="0"/>
  <testcase classname="Scenario: Successful Login with valid credentials" name="And I click on Login button" time="0"/>
  <testcase classname="Scenario: Successful Login with valid credentials" name="Then I am signed in" time="0"/>
  <testcase classname="Scenario: Successful Login with valid credentials" name="Scenario: Successful Login with valid credentials" time="0"/>
  <testcase classname="Scenario: View Products page" name="Given I am on Home page" time="0"/>
  <testcase classname="Scenario: View Products page" name="When I navigate to Products page" time="0"/>
  <testcase classname="Scenario: View Products page" name="Then I can see a list of Products" time="0"/>
  <testcase classname="Scenario: View Products page" name="Scenario: View Products page" time="0"/>
  <testcase classname="Scenario: View Product Details" name="Given I am on Home page" time="0"/>
  <testcase classname="Scenario: View Product Details" name="When I navigate to Products page" time="0"/>
  <testcase classname="Scenario: View Product Details" name="And I click on item name to see details" time="0"/>
  <testcase classname="Scenario: View Product Details" name="Then I can see the product Details" time="0"/>
  <testcase classname="Scenario: View Product Details" name="Scenario: View Product Details" time="0.001"/>
  <testcase classname="Scenario: Add an item to cart" name="Given I am on Home page" time="0"/>
  <testcase classname="Scenario: Add an item to cart" name="When I navigate to Products page" time="0"/>
  <testcase classname="Scenario: Add an item to cart" name="And I click on item name to see details" time="0.001"/>
  <testcase classname="Scenario: Add an item to cart" name="And I click on Add To Cart option" time="0"/>
  <testcase classname="Scenario: Add an item to cart" name="Then I can see the success message" time="0"/>
  <testcase classname="Scenario: Add an item to cart" name="Scenario: Add an item to cart" time="0.001"/>
  <testcase classname="Scenario: View checkout item" name="Given I have added item(s) in my cart" time="0"/>
  <testcase classname="Scenario: View checkout item" name="When I click on Checkout option" time="0"/>
  <testcase classname="Scenario: View checkout item" name="Then I can see the item(s) in my cart" time="0"/>
  <testcase classname="Scenario: View checkout item" name="Scenario: View checkout item" time="0"/>
  <testcase classname="Scenario: View Checkout Info" name="Given I am signed in" time="0"/>
  <testcase classname="Scenario: View Checkout Info" name="And I have my personal info stored in my profile" time="0"/>
  <testcase classname="Scenario: View Checkout Info" name="And I have added item(s) in my cart" time="0"/>
  <testcase classname="Scenario: View Checkout Info" name="When I click on Checkout option" time="0"/>
  <testcase classname="Scenario: View Checkout Info" name="And I click on Continue button" time="0.001"/>
  <testcase classname="Scenario: View Checkout Info" name="Then I can see my info autopopulated" time="0"/>
  <testcase classname="Scenario: View Checkout Info" name="Scenario: View Checkout Info" time="0"/>
  <testcase classname="Scenario: Checkout and complete transaction" name="Given I am signed in" time="0"/>
  <testcase classname="Scenario: Checkout and complete transaction" name="And I have my personal info stored in my profile" time="0"/>
  <testcase classname="Scenario: Checkout and complete transaction" name="And I have added item(s) in my cart" time="0"/>
  <testcase classname="Scenario: Checkout and complete transaction" name="When I click on Checkout option" time="0"/>
  <testcase classname="Scenario: Checkout and complete transaction" name="And I click on Continue button" time="0"/>
  <testcase classname="Scenario: Checkout and complete transaction" name="And I click on Purchase button" time="0"/>
  <testcase classname="Scenario: Checkout and complete transaction" name="Then I complete the transaction" time="0"/>
  <testcase classname="Scenario: Checkout and complete transaction" name="Scenario: Checkout and complete transaction" time="0"/>
  <testcase classname="Scenario: Logout of the website" name="Given I am signed in" time="0"/>
  <testcase classname="Scenario: Logout of the website" name="When I click on LogOut" time="0"/>
  <testcase classname="Scenario: Logout of the website" name="Then I go to LoginPage" time="0"/>
  <testcase classname="Scenario: Logout of the website" name="Scenario: Logout of the website" time="0.967"/>
</testsuite>